Determining if the pthread_create exist failed with the following output:
Change Dir: /home/ashis/botx_ws/PeanutHacks/external_modules/build/CMakeFiles/CMakeTmp

Run Build Command:"/usr/bin/make" "cmTC_2836b/fast"
/usr/bin/make -f CMakeFiles/cmTC_2836b.dir/build.make CMakeFiles/cmTC_2836b.dir/build
make[1]: Entering directory '/home/ashis/botx_ws/PeanutHacks/external_modules/build/CMakeFiles/CMakeTmp'
Building C object CMakeFiles/cmTC_2836b.dir/CheckSymbolExists.c.o
/usr/bin/cc     -o CMakeFiles/cmTC_2836b.dir/CheckSymbolExists.c.o   -c /home/ashis/botx_ws/PeanutHacks/external_modules/build/CMakeFiles/CMakeTmp/CheckSymbolExists.c
Linking C executable cmTC_2836b
/usr/bin/cmake -E cmake_link_script CMakeFiles/cmTC_2836b.dir/link.txt --verbose=1
/usr/bin/cc       CMakeFiles/cmTC_2836b.dir/CheckSymbolExists.c.o  -o cmTC_2836b -rdynamic 
CMakeFiles/cmTC_2836b.dir/CheckSymbolExists.c.o: In function `main':
CheckSymbolExists.c:(.text+0x16): undefined reference to `pthread_create'
collect2: error: ld returned 1 exit status
CMakeFiles/cmTC_2836b.dir/build.make:97: recipe for target 'cmTC_2836b' failed
make[1]: *** [cmTC_2836b] Error 1
make[1]: Leaving directory '/home/ashis/botx_ws/PeanutHacks/external_modules/build/CMakeFiles/CMakeTmp'
Makefile:126: recipe for target 'cmTC_2836b/fast' failed
make: *** [cmTC_2836b/fast] Error 2

File /home/ashis/botx_ws/PeanutHacks/external_modules/build/CMakeFiles/CMakeTmp/CheckSymbolExists.c:
/* */
#include <pthread.h>

int main(int argc, char** argv)
{
  (void)argv;
#ifndef pthread_create
  return ((int*)(&pthread_create))[argc];
#else
  (void)argc;
  return 0;
#endif
}

Determining if the function pthread_create exists in the pthreads failed with the following output:
Change Dir: /home/ashis/botx_ws/PeanutHacks/external_modules/build/CMakeFiles/CMakeTmp

Run Build Command:"/usr/bin/make" "cmTC_e922b/fast"
/usr/bin/make -f CMakeFiles/cmTC_e922b.dir/build.make CMakeFiles/cmTC_e922b.dir/build
make[1]: Entering directory '/home/ashis/botx_ws/PeanutHacks/external_modules/build/CMakeFiles/CMakeTmp'
Building C object CMakeFiles/cmTC_e922b.dir/CheckFunctionExists.c.o
/usr/bin/cc    -DCHECK_FUNCTION_EXISTS=pthread_create   -o CMakeFiles/cmTC_e922b.dir/CheckFunctionExists.c.o   -c /usr/share/cmake-3.5/Modules/CheckFunctionExists.c
Linking C executable cmTC_e922b
/usr/bin/cmake -E cmake_link_script CMakeFiles/cmTC_e922b.dir/link.txt --verbose=1
/usr/bin/cc   -DCHECK_FUNCTION_EXISTS=pthread_create    CMakeFiles/cmTC_e922b.dir/CheckFunctionExists.c.o  -o cmTC_e922b -rdynamic -lpthreads 
/usr/bin/ld: cannot find -lpthreads
collect2: error: ld returned 1 exit status
CMakeFiles/cmTC_e922b.dir/build.make:97: recipe for target 'cmTC_e922b' failed
make[1]: *** [cmTC_e922b] Error 1
make[1]: Leaving directory '/home/ashis/botx_ws/PeanutHacks/external_modules/build/CMakeFiles/CMakeTmp'
Makefile:126: recipe for target 'cmTC_e922b/fast' failed
make: *** [cmTC_e922b/fast] Error 2


